<?xml version="1.0" encoding="UTF-8"?>
<!-- Generated by org.testng.reporters.JUnitXMLReporter -->
<testsuite ignored="0" hostname="DESKTOP-UQAPC26" failures="0" tests="3" name="Default test" time="8.497" errors="0" timestamp="2024-04-16T08:13:42 ICT">
  <testcase classname="finalPackage.TestLoginShopee" name="LaunchWebsite" time="2.645"/>
  <testcase classname="finalPackage.TestLoginShopee" name="FillLoginDetails" time="1.252"/>
  <testcase classname="finalPackage.TestLoginShopee" name="DoLogin" time="1.187"/>
</testsuite> <!-- Default test -->
