<?xml version="1.0" encoding="UTF-8"?>
<!-- Generated by org.testng.reporters.JUnitXMLReporter -->
<testsuite ignored="0" hostname="DESKTOP-UQAPC26" failures="0" tests="7" name="Test" time="14.395" errors="0" timestamp="2024-04-15T00:22:53 ICT">
  <testcase classname="ExamFinal.ExamFinal.HinhTronTest" name="testChuViWithRzero" time="0.009"/>
  <testcase classname="ExamFinal.ExamFinal.HinhTronTest" name="testDienTichWithRzero" time="0.001"/>
  <testcase classname="ExamFinal.ExamFinal.HinhTronTest" name="testTinhChuviWithPstNum" time="0.001"/>
  <testcase classname="ExamFinal.ExamFinal.HinhTronTest" name="testTinhDienTichWithPSTNum" time="0.001"/>
  <testcase classname="ExamFinal.ExamFinal.TestLoginShopee" name="LaunchWebsite" time="4.176"/>
  <testcase classname="ExamFinal.ExamFinal.TestLoginShopee" name="FillLoginDetails" time="1.201"/>
  <testcase classname="ExamFinal.ExamFinal.TestLoginShopee" name="DoLogin" time="5.045"/>
</testsuite> <!-- Test -->
