<?xml version="1.0" encoding="UTF-8"?>
<testng-results ignored="0" total="3" passed="3" failed="0" skipped="0">
  <reporter-output>
  </reporter-output>
  <suite started-at="2024-04-16T08:13:34 ICT" name="Default suite" finished-at="2024-04-16T08:13:42 ICT" duration-ms="8497">
    <groups>
    </groups>
    <test started-at="2024-04-16T08:13:34 ICT" name="Default test" finished-at="2024-04-16T08:13:42 ICT" duration-ms="8497">
      <class name="finalPackage.TestLoginShopee">
        <test-method is-config="true" signature="suiteSetup()[pri:0, instance:finalPackage.TestLoginShopee@9f116cc]" started-at="2024-04-16T08:13:34 ICT" name="suiteSetup" finished-at="2024-04-16T08:13:37 ICT" duration-ms="3191" status="PASS">
          <reporter-output>
          </reporter-output>
        </test-method> <!-- suiteSetup -->
        <test-method signature="LaunchWebsite()[pri:1, instance:finalPackage.TestLoginShopee@9f116cc]" started-at="2024-04-16T08:13:37 ICT" name="LaunchWebsite" description="Opens the TestNG Demo Website for login Test" finished-at="2024-04-16T08:13:40 ICT" duration-ms="2645" status="PASS">
          <reporter-output>
          </reporter-output>
        </test-method> <!-- LaunchWebsite -->
        <test-method signature="FillLoginDetails()[pri:2, instance:finalPackage.TestLoginShopee@9f116cc]" started-at="2024-04-16T08:13:40 ICT" name="FillLoginDetails" description="Fill the Login Details" finished-at="2024-04-16T08:13:41 ICT" duration-ms="1252" status="PASS">
          <reporter-output>
          </reporter-output>
        </test-method> <!-- FillLoginDetails -->
        <test-method signature="DoLogin()[pri:3, instance:finalPackage.TestLoginShopee@9f116cc]" started-at="2024-04-16T08:13:41 ICT" name="DoLogin" description="Perform Login" finished-at="2024-04-16T08:13:42 ICT" duration-ms="1187" status="PASS">
          <reporter-output>
          </reporter-output>
        </test-method> <!-- DoLogin -->
        <test-method is-config="true" signature="close()[pri:0, instance:finalPackage.TestLoginShopee@9f116cc]" started-at="2024-04-16T08:13:42 ICT" name="close" finished-at="2024-04-16T08:13:42 ICT" duration-ms="193" status="PASS">
          <reporter-output>
          </reporter-output>
        </test-method> <!-- close -->
      </class> <!-- finalPackage.TestLoginShopee -->
    </test> <!-- Default test -->
  </suite> <!-- Default suite -->
</testng-results>
